<?xml version="1.0" encoding="UTF-8"?>
<!-- Generated by org.testng.reporters.JUnitReportReporter -->
<testsuite hostname="DESKTOP-679OTB3" failures="0" tests="2" name="resttesting.TestNG" time="0.016" errors="0" timestamp="15 Mar 2022 17:25:58 GMT">
  <testcase classname="resttesting.TestNG" name="testcase2" time="0.004"/>
  <testcase classname="resttesting.TestNG" name="testcase1" time="0.012"/>
</testsuite> <!-- resttesting.TestNG -->
