<?xml version="1.0" encoding="UTF-8"?>
<!-- Generated by org.testng.reporters.JUnitReportReporter -->
<testsuite hostname="DESKTOP-679OTB3" failures="0" tests="3" name="resttesting.trello" time="6.450" errors="0" timestamp="15 Mar 2022 17:47:13 GMT">
  <testcase classname="resttesting.trello" name="DeleteBoard" time="0.787"/>
  <testcase classname="resttesting.trello" name="createBoard" time="4.995"/>
  <testcase classname="resttesting.trello" name="getBoard" time="0.668"/>
</testsuite> <!-- resttesting.trello -->
